{
  "stats": {
    "suites": 1,
    "tests": 2,
    "passes": 1,
    "pending": 0,
    "failures": 1,
    "start": "2023-07-17T05:51:17.596Z",
    "end": "2023-07-17T05:52:31.864Z",
    "duration": 74268,
    "testsRegistered": 2,
    "passPercent": 50,
    "pendingPercent": 0,
    "other": 0,
    "hasOther": false,
    "skipped": 0,
    "hasSkipped": false
  },
  "results": [
    {
      "uuid": "9fc009d0-609d-474e-8f98-cbb2c41e4ce6",
      "title": "",
      "fullFile": "cypress\\e2e\\tests\\emailinvite.cy.js",
      "file": "cypress\\e2e\\tests\\emailinvite.cy.js",
      "beforeHooks": [],
      "afterHooks": [],
      "tests": [],
      "suites": [
        {
          "uuid": "cb6bb75a-ab7c-43c8-841b-13a46ab0be2f",
          "title": "ClickUp Test",
          "fullFile": "",
          "file": "",
          "beforeHooks": [],
          "afterHooks": [],
          "tests": [
            {
              "title": "Execution of test steps",
              "fullTitle": "ClickUp Test Execution of test steps",
              "timedOut": null,
              "duration": 34266,
              "state": "failed",
              "speed": null,
              "pass": false,
              "fail": true,
              "pending": false,
              "context": "[\n  {\n    \"title\": \"cypress-mochawesome-reporter-videos-failed\",\n    \"value\": \"cypress\\\\e2e\\\\tests\\\\emailinvite.cy.js\"\n  },\n  {\n    \"title\": \"cypress-mochawesome-reporter-screenshots\",\n    \"value\": [\n      [\n        \"\\\\emailinvite.cy.js\\\\ClickUp Test -- Execution of test steps (failed).png\"\n      ]\n    ]\n  }\n]",
              "code": "cy.fixture('credential').then(credentials => {\n  loginPage.clickProfile();\n  emailInvitePage.hover();\n  emailInvitePage.clickPeople();\n  emailInvitePage.checkSections();\n  emailInvitePage.searchEmail(credentials.email);\n  emailInvitePage.inviteGuest(credentials.email2);\n  emailInvitePage.cancelInvitedEmail();\n});",
              "err": {
                "message": "AssertionError: Timed out retrying after 4000ms: Expected to find element: `div.toast__undo-content[data-test=\"settings-success-items__removed-user__Invitation to ashish0600@gmail.com has been canceled from Tester's Workspace\"]`, but never found it.",
                "estack": "AssertionError: Timed out retrying after 4000ms: Expected to find element: `div.toast__undo-content[data-test=\"settings-success-items__removed-user__Invitation to ashish0600@gmail.com has been canceled from Tester's Workspace\"]`, but never found it.\n    at Context.eval (webpack:///./cypress/pageobjects/emailinvitePage.js:168:13)",
                "diff": null
              },
              "uuid": "c7584642-d391-42fa-8d2e-b61f2a30d0af",
              "parentUUID": "cb6bb75a-ab7c-43c8-841b-13a46ab0be2f",
              "isHook": false,
              "skipped": false
            },
            {
              "title": "Test case 1",
              "fullTitle": "ClickUp Test Test case 1",
              "timedOut": null,
              "duration": 39544,
              "state": "passed",
              "speed": "slow",
              "pass": true,
              "fail": false,
              "pending": false,
              "context": "{\n  \"title\": \"cypress-mochawesome-reporter-videos-passed\",\n  \"value\": \"cypress\\\\e2e\\\\tests\\\\emailinvite.cy.js\"\n}",
              "code": "loginPage.clickProfile();\nbillingPage.clickUpgradeButton();\nbillingPage.verifyBillingPageUrl();\nbillingPage.verifyPlanOptions();\nbillingPage.verifyToggleSetToYearly();\nbillingPage.verifyPlanCosts();\nbillingPage.verifyMostPopularPlan();\nbillingPage.clickUnlimitedUpgradeButton();\nbillingPage.verifyBilledMonthlySelected();\nbillingPage.selectCountryAfganistan();\nbillingPage.verifyZipCodeDisabled();\nbillingPage.clickCloseButton();",
              "err": {},
              "uuid": "e497c60e-7d00-479b-a077-cefa1786e9e6",
              "parentUUID": "cb6bb75a-ab7c-43c8-841b-13a46ab0be2f",
              "isHook": false,
              "skipped": false
            }
          ],
          "suites": [],
          "passes": [
            "e497c60e-7d00-479b-a077-cefa1786e9e6"
          ],
          "failures": [
            "c7584642-d391-42fa-8d2e-b61f2a30d0af"
          ],
          "pending": [],
          "skipped": [],
          "duration": 73810,
          "root": false,
          "rootEmpty": false,
          "_timeout": 2000
        }
      ],
      "passes": [],
      "failures": [],
      "pending": [],
      "skipped": [],
      "duration": 0,
      "root": true,
      "rootEmpty": true,
      "_timeout": 2000
    }
  ],
  "meta": {
    "mocha": {
      "version": "7.0.1"
    },
    "mochawesome": {
      "options": {
        "quiet": false,
        "reportFilename": "mochawesome",
        "saveHtml": true,
        "saveJson": true,
        "consoleReporter": "spec",
        "useInlineDiffs": false,
        "code": true
      },
      "version": "7.1.3"
    },
    "marge": {
      "options": {
        "charts": true,
        "reportPageTitle": "custom-title",
        "embeddedScreenshots": true,
        "inlineAssets": true,
        "saveAllAttempts": false
      },
      "version": "6.2.0"
    }
  }
}